#-----------------------------------------------------------
# Vivado v2019.2 (64-bit)
# SW Build 2708876 on Wed Nov  6 21:40:23 MST 2019
# IP Build 2700528 on Thu Nov  7 00:09:20 MST 2019
# Start of session at: Sun Mar  1 04:56:18 2020
# Process ID: 19612
# Current directory: C:/Users/Ben/Documents/GitHub/EC311/lab_1
# Command line: vivado.exe -gui_launcher_event rodinguilauncherevent14560 C:\Users\Ben\Documents\GitHub\EC311\lab_1\lab_1.xpr
# Log file: C:/Users/Ben/Documents/GitHub/EC311/lab_1/vivado.log
# Journal file: C:/Users/Ben/Documents/GitHub/EC311/lab_1\vivado.jou
#-----------------------------------------------------------
start_gui
open_project C:/Users/Ben/Documents/GitHub/EC311/lab_1/lab_1.xpr
CRITICAL WARNING: [Project 1-19] Could not find the file 'C:/Users/Ben/Documents/GitHub/EC311/lab_1/lab_1.srcs/sources_1/new/1_Bit_Adder.v'.
CRITICAL WARNING: [Project 1-19] Could not find the file 'C:/Users/Ben/Documents/GitHub/EC311/lab_1/lab_1.srcs/sources_1/new/One_Bit_Full_Adder.v'.
CRITICAL WARNING: [Project 1-19] Could not find the file 'C:/Users/Ben/Documents/GitHub/EC311/Downloads/Nexys4DDR_Master.xdc'.
CRITICAL WARNING: [Project 1-19] Could not find the file 'C:/Users/Ben/Documents/GitHub/EC311/lab_1/lab_1.srcs/sim_1/new/Testbench_Fulladder_onebit.v'.
Scanning sources...
Finished scanning sources
INFO: [IP_Flow 19-234] Refreshing IP repositories
INFO: [IP_Flow 19-1704] No user IP repositories specified
INFO: [IP_Flow 19-2313] Loaded Vivado IP repository 'B:/Vivado/2019.2/data/ip'.
update_compile_order -fileset sources_1
exit
INFO: [Common 17-206] Exiting Vivado at Sun Mar  1 04:56:47 2020...
