#-----------------------------------------------------------
# Vivado v2019.1 (64-bit)
# SW Build 2552052 on Fri May 24 14:49:42 MDT 2019
# IP Build 2548770 on Fri May 24 18:01:18 MDT 2019
# Start of session at: Sat Mar 14 22:43:46 2020
# Process ID: 8604
# Current directory: C:/Users/Ben/Documents/GitHub/EC311/Lab_1_Full_Adder/full_adder_sub_behavioral
# Command line: vivado.exe -gui_launcher_event rodinguilauncherevent13812 C:\Users\Ben\Documents\GitHub\EC311\Lab_1_Full_Adder\full_adder_sub_behavioral\full_adder_sub_behavioral.xpr
# Log file: C:/Users/Ben/Documents/GitHub/EC311/Lab_1_Full_Adder/full_adder_sub_behavioral/vivado.log
# Journal file: C:/Users/Ben/Documents/GitHub/EC311/Lab_1_Full_Adder/full_adder_sub_behavioral\vivado.jou
#-----------------------------------------------------------
start_gui
open_project C:/Users/Ben/Documents/GitHub/EC311/Lab_1_Full_Adder/full_adder_sub_behavioral/full_adder_sub_behavioral.xpr
Scanning sources...
Finished scanning sources
INFO: [IP_Flow 19-234] Refreshing IP repositories
INFO: [IP_Flow 19-1704] No user IP repositories specified
INFO: [IP_Flow 19-2313] Loaded Vivado IP repository 'C:/Xilinx/Vivado/2019.1/data/ip'.
update_compile_order -fileset sources_1
launch_simulation
INFO: [Vivado 12-5682] Launching behavioral simulation in 'C:/Users/Ben/Documents/GitHub/EC311/Lab_1_Full_Adder/full_adder_sub_behavioral/full_adder_sub_behavioral.sim/sim_1/behav/xsim'
INFO: [SIM-utils-51] Simulation object is 'sim_1'
INFO: [SIM-utils-54] Inspecting design source files for 'four_bit_add_sub_testbench' in fileset 'sim_1'...
INFO: [USF-XSim-97] Finding global include files...
INFO: [USF-XSim-98] Fetching design files from 'sim_1'...
INFO: [USF-XSim-2] XSim::Compile design
INFO: [USF-XSim-61] Executing 'COMPILE and ANALYZE' step in 'C:/Users/Ben/Documents/GitHub/EC311/Lab_1_Full_Adder/full_adder_sub_behavioral/full_adder_sub_behavioral.sim/sim_1/behav/xsim'
"xvlog --incr --relax -prj four_bit_add_sub_testbench_vlog.prj"
INFO: [USF-XSim-69] 'compile' step finished in '1' seconds
INFO: [USF-XSim-3] XSim::Elaborate design
INFO: [USF-XSim-61] Executing 'ELABORATE' step in 'C:/Users/Ben/Documents/GitHub/EC311/Lab_1_Full_Adder/full_adder_sub_behavioral/full_adder_sub_behavioral.sim/sim_1/behav/xsim'
"xelab -wto c574b4de9c4c45f89c4d202fde10167e --incr --debug typical --relax --mt 2 -L xil_defaultlib -L unisims_ver -L unimacro_ver -L secureip --snapshot four_bit_add_sub_testbench_behav xil_defaultlib.four_bit_add_sub_testbench xil_defaultlib.glbl -log elaborate.log"
Vivado Simulator 2019.1
Copyright 1986-1999, 2001-2019 Xilinx, Inc. All Rights Reserved.
Running: C:/Xilinx/Vivado/2019.1/bin/unwrapped/win64.o/xelab.exe -wto c574b4de9c4c45f89c4d202fde10167e --incr --debug typical --relax --mt 2 -L xil_defaultlib -L unisims_ver -L unimacro_ver -L secureip --snapshot four_bit_add_sub_testbench_behav xil_defaultlib.four_bit_add_sub_testbench xil_defaultlib.glbl -log elaborate.log 
Using 2 slave threads.
Starting static elaboration
Completed static elaboration
INFO: [XSIM 43-4323] No Change in HDL. Linking previously generated obj files to create kernel
INFO: [USF-XSim-69] 'elaborate' step finished in '1' seconds
INFO: [USF-XSim-4] XSim::Simulate design
INFO: [USF-XSim-61] Executing 'SIMULATE' step in 'C:/Users/Ben/Documents/GitHub/EC311/Lab_1_Full_Adder/full_adder_sub_behavioral/full_adder_sub_behavioral.sim/sim_1/behav/xsim'
INFO: [USF-XSim-98] *** Running xsim
   with args "four_bit_add_sub_testbench_behav -key {Behavioral:sim_1:Functional:four_bit_add_sub_testbench} -tclbatch {four_bit_add_sub_testbench.tcl} -log {simulate.log}"
INFO: [USF-XSim-8] Loading simulator feature
Vivado Simulator 2019.1
Time resolution is 1 ps
source four_bit_add_sub_testbench.tcl
# set curr_wave [current_wave_config]
# if { [string length $curr_wave] == 0 } {
#   if { [llength [get_objects]] > 0} {
#     add_wave /
#     set_property needs_save false [current_wave_config]
#   } else {
#      send_msg_id Add_Wave-1 WARNING "No top level signals found. Simulator will start without a wave window. If you want to open a wave window go to 'File->New Waveform Configuration' or type 'create_wave_config' in the TCL console."
#   }
# }
# run 1000ns
$finish called at time : 450 ns : File "C:/Users/Ben/Documents/GitHub/EC311/Lab_1_Full_Adder/full_adder_sub_behavioral/full_adder_sub_behavioral.srcs/sim_1/new/four_bit_add_sub_testbench.v" Line 48
INFO: [USF-XSim-96] XSim completed. Design snapshot 'four_bit_add_sub_testbench_behav' loaded.
INFO: [USF-XSim-97] XSim simulation ran for 1000ns
launch_simulation: Time (s): cpu = 00:00:08 ; elapsed = 00:00:06 . Memory (MB): peak = 758.387 ; gain = 32.680
close_sim
INFO: [Simtcl 6-16] Simulation closed
launch_simulation
INFO: [Vivado 12-5682] Launching behavioral simulation in 'C:/Users/Ben/Documents/GitHub/EC311/Lab_1_Full_Adder/full_adder_sub_behavioral/full_adder_sub_behavioral.sim/sim_1/behav/xsim'
INFO: [SIM-utils-51] Simulation object is 'sim_1'
INFO: [SIM-utils-54] Inspecting design source files for 'four_bit_add_sub_testbench' in fileset 'sim_1'...
INFO: [USF-XSim-97] Finding global include files...
INFO: [USF-XSim-98] Fetching design files from 'sim_1'...
INFO: [USF-XSim-2] XSim::Compile design
INFO: [USF-XSim-61] Executing 'COMPILE and ANALYZE' step in 'C:/Users/Ben/Documents/GitHub/EC311/Lab_1_Full_Adder/full_adder_sub_behavioral/full_adder_sub_behavioral.sim/sim_1/behav/xsim'
"xvlog --incr --relax -prj four_bit_add_sub_testbench_vlog.prj"
INFO: [USF-XSim-69] 'compile' step finished in '1' seconds
INFO: [USF-XSim-3] XSim::Elaborate design
INFO: [USF-XSim-61] Executing 'ELABORATE' step in 'C:/Users/Ben/Documents/GitHub/EC311/Lab_1_Full_Adder/full_adder_sub_behavioral/full_adder_sub_behavioral.sim/sim_1/behav/xsim'
"xelab -wto c574b4de9c4c45f89c4d202fde10167e --incr --debug typical --relax --mt 2 -L xil_defaultlib -L unisims_ver -L unimacro_ver -L secureip --snapshot four_bit_add_sub_testbench_behav xil_defaultlib.four_bit_add_sub_testbench xil_defaultlib.glbl -log elaborate.log"
Vivado Simulator 2019.1
Copyright 1986-1999, 2001-2019 Xilinx, Inc. All Rights Reserved.
Running: C:/Xilinx/Vivado/2019.1/bin/unwrapped/win64.o/xelab.exe -wto c574b4de9c4c45f89c4d202fde10167e --incr --debug typical --relax --mt 2 -L xil_defaultlib -L unisims_ver -L unimacro_ver -L secureip --snapshot four_bit_add_sub_testbench_behav xil_defaultlib.four_bit_add_sub_testbench xil_defaultlib.glbl -log elaborate.log 
Using 2 slave threads.
Starting static elaboration
Completed static elaboration
INFO: [XSIM 43-4323] No Change in HDL. Linking previously generated obj files to create kernel
INFO: [USF-XSim-69] 'elaborate' step finished in '1' seconds
INFO: [USF-XSim-4] XSim::Simulate design
INFO: [USF-XSim-61] Executing 'SIMULATE' step in 'C:/Users/Ben/Documents/GitHub/EC311/Lab_1_Full_Adder/full_adder_sub_behavioral/full_adder_sub_behavioral.sim/sim_1/behav/xsim'
INFO: [USF-XSim-98] *** Running xsim
   with args "four_bit_add_sub_testbench_behav -key {Behavioral:sim_1:Functional:four_bit_add_sub_testbench} -tclbatch {four_bit_add_sub_testbench.tcl} -log {simulate.log}"
INFO: [USF-XSim-8] Loading simulator feature
Vivado Simulator 2019.1
Time resolution is 1 ps
source four_bit_add_sub_testbench.tcl
# set curr_wave [current_wave_config]
# if { [string length $curr_wave] == 0 } {
#   if { [llength [get_objects]] > 0} {
#     add_wave /
#     set_property needs_save false [current_wave_config]
#   } else {
#      send_msg_id Add_Wave-1 WARNING "No top level signals found. Simulator will start without a wave window. If you want to open a wave window go to 'File->New Waveform Configuration' or type 'create_wave_config' in the TCL console."
#   }
# }
# run 1000ns
$finish called at time : 450 ns : File "C:/Users/Ben/Documents/GitHub/EC311/Lab_1_Full_Adder/full_adder_sub_behavioral/full_adder_sub_behavioral.srcs/sim_1/new/four_bit_add_sub_testbench.v" Line 48
INFO: [USF-XSim-96] XSim completed. Design snapshot 'four_bit_add_sub_testbench_behav' loaded.
INFO: [USF-XSim-97] XSim simulation ran for 1000ns
synth_design -rtl -name rtl_1
Command: synth_design -rtl -name rtl_1
Starting synth_design
Using part: xc7a100tcsg324-1
Top: four_bit_add_sub
INFO: [Device 21-403] Loading part xc7a100tcsg324-1
---------------------------------------------------------------------------------
Starting RTL Elaboration : Time (s): cpu = 00:00:03 ; elapsed = 00:00:03 . Memory (MB): peak = 1181.594 ; gain = 165.277
---------------------------------------------------------------------------------
INFO: [Synth 8-6157] synthesizing module 'four_bit_add_sub' [C:/Users/Ben/Documents/GitHub/EC311/Lab_1_Full_Adder/full_adder_sub_behavioral/full_adder_sub_behavioral.srcs/sources_1/new/four_bit_add_sub.v:23]
INFO: [Synth 8-6155] done synthesizing module 'four_bit_add_sub' (1#1) [C:/Users/Ben/Documents/GitHub/EC311/Lab_1_Full_Adder/full_adder_sub_behavioral/full_adder_sub_behavioral.srcs/sources_1/new/four_bit_add_sub.v:23]
---------------------------------------------------------------------------------
Finished RTL Elaboration : Time (s): cpu = 00:00:04 ; elapsed = 00:00:04 . Memory (MB): peak = 1243.570 ; gain = 227.254
---------------------------------------------------------------------------------

Report Check Netlist: 
+------+------------------+-------+---------+-------+------------------+
|      |Item              |Errors |Warnings |Status |Description       |
+------+------------------+-------+---------+-------+------------------+
|1     |multi_driven_nets |      0|        0|Passed |Multi driven nets |
+------+------------------+-------+---------+-------+------------------+
---------------------------------------------------------------------------------
Start Handling Custom Attributes
---------------------------------------------------------------------------------
---------------------------------------------------------------------------------
Finished Handling Custom Attributes : Time (s): cpu = 00:00:04 ; elapsed = 00:00:04 . Memory (MB): peak = 1243.570 ; gain = 227.254
---------------------------------------------------------------------------------
---------------------------------------------------------------------------------
Finished RTL Optimization Phase 1 : Time (s): cpu = 00:00:04 ; elapsed = 00:00:04 . Memory (MB): peak = 1243.570 ; gain = 227.254
---------------------------------------------------------------------------------
INFO: [Project 1-570] Preparing netlist for logic optimization

Processing XDC Constraints
Initializing timing engine
Parsing XDC File [C:/Users/Ben/Downloads/Nexys4DDR_Master.xdc]
Finished Parsing XDC File [C:/Users/Ben/Downloads/Nexys4DDR_Master.xdc]
Completed Processing XDC Constraints

INFO: [Opt 31-138] Pushed 0 inverter(s) to 0 load pin(s).
Netlist sorting complete. Time (s): cpu = 00:00:00 ; elapsed = 00:00:00 . Memory (MB): peak = 1358.285 ; gain = 0.000
INFO: [Project 1-111] Unisim Transformation Summary:
No Unisim elements were transformed.

RTL Elaboration Complete:  : Time (s): cpu = 00:00:12 ; elapsed = 00:00:08 . Memory (MB): peak = 1399.203 ; gain = 382.887
6 Infos, 0 Warnings, 0 Critical Warnings and 0 Errors encountered.
synth_design completed successfully
synth_design: Time (s): cpu = 00:00:17 ; elapsed = 00:00:13 . Memory (MB): peak = 1399.203 ; gain = 624.406
close_sim
INFO: [Simtcl 6-16] Simulation closed
exit
INFO: [Common 17-206] Exiting Vivado at Sun Mar 15 02:03:44 2020...
