#-----------------------------------------------------------
# Vivado v2019.1 (64-bit)
# SW Build 2552052 on Fri May 24 14:49:42 MDT 2019
# IP Build 2548770 on Fri May 24 18:01:18 MDT 2019
# Start of session at: Tue Mar 17 18:44:17 2020
# Process ID: 7392
# Current directory: C:/Users/Ben/Documents/GitHub/EC311/Lab_1_Full_Adder/full_adder_sub_behavioral
# Command line: vivado.exe -gui_launcher_event rodinguilauncherevent29988 C:\Users\Ben\Documents\GitHub\EC311\Lab_1_Full_Adder\full_adder_sub_behavioral\full_adder_sub_behavioral.xpr
# Log file: C:/Users/Ben/Documents/GitHub/EC311/Lab_1_Full_Adder/full_adder_sub_behavioral/vivado.log
# Journal file: C:/Users/Ben/Documents/GitHub/EC311/Lab_1_Full_Adder/full_adder_sub_behavioral\vivado.jou
#-----------------------------------------------------------
start_gui
open_project C:/Users/Ben/Documents/GitHub/EC311/Lab_1_Full_Adder/full_adder_sub_behavioral/full_adder_sub_behavioral.xpr
CRITICAL WARNING: [Project 1-19] Could not find the file 'C:/Users/Ben/Documents/GitHub/EC311/Lab_1_Full_Adder/full_adder_sub_behavioral/full_adder_sub_behavioral.srcs/sources_1/new/four_bit_add_sub.v'.
CRITICAL WARNING: [Project 1-19] Could not find the file 'C:/Users/Ben/Documents/GitHub/EC311/Lab_1_Full_Adder/full_adder_sub_behavioral/full_adder_sub_behavioral.srcs/sources_1/new/one_bit_full_adder.v'.
CRITICAL WARNING: [Project 1-19] Could not find the file 'C:/Users/Ben/Documents/GitHub/EC311/Lab_1_Full_Adder/full_adder_sub_behavioral/full_adder_sub_behavioral.srcs/sim_1/new/four_bit_add_sub_testbench.v'.
CRITICAL WARNING: [Project 1-19] Could not find the file 'C:/Users/Ben/Documents/GitHub/EC311/Lab_1_Full_Adder/full_adder_sub_behavioral/full_adder_sub_behavioral.srcs/sim_1/new/one_bit_full_adder_testbench.v'.
Scanning sources...
Finished scanning sources
INFO: [IP_Flow 19-234] Refreshing IP repositories
INFO: [IP_Flow 19-1704] No user IP repositories specified
INFO: [IP_Flow 19-2313] Loaded Vivado IP repository 'C:/Xilinx/Vivado/2019.1/data/ip'.
update_compile_order -fileset sources_1
update_compile_order -fileset sim_1
update_files -from_files C:/Users/Ben/Documents/GitHub/EC311/Lab_1_Full_Adder/full_adder_sub_behavioral/full_adder_sub_behavioral.srcs/sources_1/new/behav_four_bit_add_sub.v -to_files C:/Users/Ben/Documents/GitHub/EC311/Lab_1_Full_Adder/full_adder_sub_behavioral/full_adder_sub_behavioral.srcs/sources_1/new/four_bit_add_sub.v -filesets [get_filesets *]
INFO: [filemgmt 20-762] Replacing file 'C:/Users/Ben/Documents/GitHub/EC311/Lab_1_Full_Adder/full_adder_sub_behavioral/full_adder_sub_behavioral.srcs/sources_1/new/four_bit_add_sub.v' with file 'C:/Users/Ben/Documents/GitHub/EC311/Lab_1_Full_Adder/full_adder_sub_behavioral/full_adder_sub_behavioral.srcs/sources_1/new/behav_four_bit_add_sub.v'.
update_compile_order -fileset sources_1
update_files -from_files C:/Users/Ben/Documents/GitHub/EC311/Lab_1_Full_Adder/full_adder_sub_behavioral/full_adder_sub_behavioral.srcs/sources_1/new/behav_one_bit_full_adder.v -to_files C:/Users/Ben/Documents/GitHub/EC311/Lab_1_Full_Adder/full_adder_sub_behavioral/full_adder_sub_behavioral.srcs/sources_1/new/one_bit_full_adder.v -filesets [get_filesets *]
INFO: [filemgmt 20-762] Replacing file 'C:/Users/Ben/Documents/GitHub/EC311/Lab_1_Full_Adder/full_adder_sub_behavioral/full_adder_sub_behavioral.srcs/sources_1/new/one_bit_full_adder.v' with file 'C:/Users/Ben/Documents/GitHub/EC311/Lab_1_Full_Adder/full_adder_sub_behavioral/full_adder_sub_behavioral.srcs/sources_1/new/behav_one_bit_full_adder.v'.
update_files -from_files C:/Users/Ben/Documents/GitHub/EC311/Lab_1_Full_Adder/full_adder_sub_behavioral/full_adder_sub_behavioral.srcs/sim_1/new/behav_four_bit_add_sub_testbench.v -to_files C:/Users/Ben/Documents/GitHub/EC311/Lab_1_Full_Adder/full_adder_sub_behavioral/full_adder_sub_behavioral.srcs/sim_1/new/four_bit_add_sub_testbench.v -filesets [get_filesets *]
INFO: [filemgmt 20-762] Replacing file 'C:/Users/Ben/Documents/GitHub/EC311/Lab_1_Full_Adder/full_adder_sub_behavioral/full_adder_sub_behavioral.srcs/sim_1/new/four_bit_add_sub_testbench.v' with file 'C:/Users/Ben/Documents/GitHub/EC311/Lab_1_Full_Adder/full_adder_sub_behavioral/full_adder_sub_behavioral.srcs/sim_1/new/behav_four_bit_add_sub_testbench.v'.
update_files -from_files C:/Users/Ben/Documents/GitHub/EC311/Lab_1_Full_Adder/full_adder_sub_behavioral/full_adder_sub_behavioral.srcs/sim_1/new/behav_one_bit_full_adder_testbench.v -to_files C:/Users/Ben/Documents/GitHub/EC311/Lab_1_Full_Adder/full_adder_sub_behavioral/full_adder_sub_behavioral.srcs/sim_1/new/one_bit_full_adder_testbench.v -filesets [get_filesets *]
INFO: [filemgmt 20-762] Replacing file 'C:/Users/Ben/Documents/GitHub/EC311/Lab_1_Full_Adder/full_adder_sub_behavioral/full_adder_sub_behavioral.srcs/sim_1/new/one_bit_full_adder_testbench.v' with file 'C:/Users/Ben/Documents/GitHub/EC311/Lab_1_Full_Adder/full_adder_sub_behavioral/full_adder_sub_behavioral.srcs/sim_1/new/behav_one_bit_full_adder_testbench.v'.
update_compile_order -fileset sim_1
launch_simulation
INFO: [Vivado 12-5682] Launching behavioral simulation in 'C:/Users/Ben/Documents/GitHub/EC311/Lab_1_Full_Adder/full_adder_sub_behavioral/full_adder_sub_behavioral.sim/sim_1/behav/xsim'
INFO: [SIM-utils-51] Simulation object is 'sim_1'
INFO: [SIM-utils-54] Inspecting design source files for 'four_bit_add_sub_testbench' in fileset 'sim_1'...
INFO: [USF-XSim-97] Finding global include files...
INFO: [USF-XSim-98] Fetching design files from 'sim_1'...
INFO: [USF-XSim-2] XSim::Compile design
INFO: [USF-XSim-61] Executing 'COMPILE and ANALYZE' step in 'C:/Users/Ben/Documents/GitHub/EC311/Lab_1_Full_Adder/full_adder_sub_behavioral/full_adder_sub_behavioral.sim/sim_1/behav/xsim'
"xvlog --incr --relax -prj four_bit_add_sub_testbench_vlog.prj"
INFO: [VRFC 10-2263] Analyzing Verilog file "C:/Users/Ben/Documents/GitHub/EC311/Lab_1_Full_Adder/full_adder_sub_behavioral/full_adder_sub_behavioral.srcs/sources_1/new/behav_four_bit_add_sub.v" into library xil_defaultlib
INFO: [VRFC 10-311] analyzing module four_bit_add_sub
INFO: [VRFC 10-2263] Analyzing Verilog file "C:/Users/Ben/Documents/GitHub/EC311/Lab_1_Full_Adder/full_adder_sub_behavioral/full_adder_sub_behavioral.srcs/sim_1/new/behav_four_bit_add_sub_testbench.v" into library xil_defaultlib
INFO: [VRFC 10-311] analyzing module four_bit_add_sub_testbench
INFO: [USF-XSim-69] 'compile' step finished in '1' seconds
INFO: [USF-XSim-3] XSim::Elaborate design
INFO: [USF-XSim-61] Executing 'ELABORATE' step in 'C:/Users/Ben/Documents/GitHub/EC311/Lab_1_Full_Adder/full_adder_sub_behavioral/full_adder_sub_behavioral.sim/sim_1/behav/xsim'
"xelab -wto c574b4de9c4c45f89c4d202fde10167e --incr --debug typical --relax --mt 2 -L xil_defaultlib -L unisims_ver -L unimacro_ver -L secureip --snapshot four_bit_add_sub_testbench_behav xil_defaultlib.four_bit_add_sub_testbench xil_defaultlib.glbl -log elaborate.log"
Vivado Simulator 2019.1
Copyright 1986-1999, 2001-2019 Xilinx, Inc. All Rights Reserved.
Running: C:/Xilinx/Vivado/2019.1/bin/unwrapped/win64.o/xelab.exe -wto c574b4de9c4c45f89c4d202fde10167e --incr --debug typical --relax --mt 2 -L xil_defaultlib -L unisims_ver -L unimacro_ver -L secureip --snapshot four_bit_add_sub_testbench_behav xil_defaultlib.four_bit_add_sub_testbench xil_defaultlib.glbl -log elaborate.log 
Using 2 slave threads.
Starting static elaboration
Completed static elaboration
Starting simulation data flow analysis
Completed simulation data flow analysis
Time Resolution for simulation is 1ps
Compiling module xil_defaultlib.four_bit_add_sub
Compiling module xil_defaultlib.four_bit_add_sub_testbench
Compiling module xil_defaultlib.glbl
Built simulation snapshot four_bit_add_sub_testbench_behav
INFO: [USF-XSim-69] 'elaborate' step finished in '2' seconds
INFO: [USF-XSim-4] XSim::Simulate design
INFO: [USF-XSim-61] Executing 'SIMULATE' step in 'C:/Users/Ben/Documents/GitHub/EC311/Lab_1_Full_Adder/full_adder_sub_behavioral/full_adder_sub_behavioral.sim/sim_1/behav/xsim'
INFO: [USF-XSim-98] *** Running xsim
   with args "four_bit_add_sub_testbench_behav -key {Behavioral:sim_1:Functional:four_bit_add_sub_testbench} -tclbatch {four_bit_add_sub_testbench.tcl} -log {simulate.log}"
INFO: [USF-XSim-8] Loading simulator feature
Vivado Simulator 2019.1
Time resolution is 1 ps
source four_bit_add_sub_testbench.tcl
# set curr_wave [current_wave_config]
# if { [string length $curr_wave] == 0 } {
#   if { [llength [get_objects]] > 0} {
#     add_wave /
#     set_property needs_save false [current_wave_config]
#   } else {
#      send_msg_id Add_Wave-1 WARNING "No top level signals found. Simulator will start without a wave window. If you want to open a wave window go to 'File->New Waveform Configuration' or type 'create_wave_config' in the TCL console."
#   }
# }
# run 1000ns
$finish called at time : 90 ns : File "C:/Users/Ben/Documents/GitHub/EC311/Lab_1_Full_Adder/full_adder_sub_behavioral/full_adder_sub_behavioral.srcs/sim_1/new/behav_four_bit_add_sub_testbench.v" Line 48
INFO: [USF-XSim-96] XSim completed. Design snapshot 'four_bit_add_sub_testbench_behav' loaded.
INFO: [USF-XSim-97] XSim simulation ran for 1000ns
launch_simulation: Time (s): cpu = 00:00:05 ; elapsed = 00:00:06 . Memory (MB): peak = 779.656 ; gain = 16.363
close_sim
INFO: [Simtcl 6-16] Simulation closed
exit
INFO: [Common 17-206] Exiting Vivado at Tue Mar 17 18:47:30 2020...
